<?xml version="1.0" encoding="UTF-8"?>
<testng-results ignored="0" total="1" passed="1" failed="0" skipped="0">
  <reporter-output>
  </reporter-output>
  <suite started-at="2022-11-06T21:20:51 IST" name="Suite" finished-at="2022-11-06T21:21:07 IST" duration-ms="16611">
    <groups>
    </groups>
    <test started-at="2022-11-06T21:20:51 IST" name="Test" finished-at="2022-11-06T21:21:07 IST" duration-ms="16611">
      <class name="hariCommerce.testcases.LoginTest">
        <test-method is-config="true" signature="setup(java.lang.String)[pri:0, instance:hariCommerce.testcases.LoginTest@4b0d79fc]" started-at="2022-11-06T21:20:51 IST" name="setup" finished-at="2022-11-06T21:21:02 IST" duration-ms="10815" status="PASS">
          <params>
            <param index="0">
              <value>
                <![CDATA[Chrome]]>
              </value>
            </param>
          </params>
          <reporter-output>
          </reporter-output>
        </test-method> <!-- setup -->
        <test-method signature="Logintest()[pri:0, instance:hariCommerce.testcases.LoginTest@4b0d79fc]" started-at="2022-11-06T21:21:02 IST" name="Logintest" finished-at="2022-11-06T21:21:07 IST" duration-ms="5512" status="PASS">
          <reporter-output>
          </reporter-output>
        </test-method> <!-- Logintest -->
        <test-method is-config="true" signature="teardown()[pri:0, instance:hariCommerce.testcases.LoginTest@4b0d79fc]" started-at="2022-11-06T21:21:07 IST" name="teardown" finished-at="2022-11-06T21:21:07 IST" duration-ms="37" status="PASS">
          <reporter-output>
          </reporter-output>
        </test-method> <!-- teardown -->
      </class> <!-- hariCommerce.testcases.LoginTest -->
    </test> <!-- Test -->
  </suite> <!-- Suite -->
</testng-results>
